INFO  Validating config
INFO  Start processing
INFO  Hexo is running at http://localhost:4000 . Press Ctrl+C to stop.
(node:96653) Warning: Accessing non-existent property 'lineno' of module exports inside circular dependency
(Use `node --trace-warnings ...` to show where the warning was created)
(node:96653) Warning: Accessing non-existent property 'column' of module exports inside circular dependency
(node:96653) Warning: Accessing non-existent property 'filename' of module exports inside circular dependency
(node:96653) Warning: Accessing non-existent property 'lineno' of module exports inside circular dependency
(node:96653) Warning: Accessing non-existent property 'column' of module exports inside circular dependency
(node:96653) Warning: Accessing non-existent property 'filename' of module exports inside circular dependency
INFO  Validating config
INFO  Start processing
INFO  Hexo is running at http://localhost:4000 . Press Ctrl+C to stop.
(node:96778) Warning: Accessing non-existent property 'lineno' of module exports inside circular dependency
(Use `node --trace-warnings ...` to show where the warning was created)
(node:96778) Warning: Accessing non-existent property 'column' of module exports inside circular dependency
(node:96778) Warning: Accessing non-existent property 'filename' of module exports inside circular dependency
(node:96778) Warning: Accessing non-existent property 'lineno' of module exports inside circular dependency
(node:96778) Warning: Accessing non-existent property 'column' of module exports inside circular dependency
(node:96778) Warning: Accessing non-existent property 'filename' of module exports inside circular dependency
